<?xml version="1.0" encoding="UTF-8"?>
<testsuite name="Test" tests="61" skipped="0" failures="0" errors="0" timestamp="2024-02-17T21:29:13" hostname="LAPTOP-PANUHIN" time="3.273">
  <properties/>
  <testcase name="testCountPartialMatchesFunction()" classname="Test" time="1.951"/>
  <testcase name="testIsWinFunction()" classname="Test" time="0.008"/>
  <testcase name="[1] true, 3, 4, true, false" classname="Test" time="0.216"/>
  <testcase name="[2] true, 4, 4, true, false" classname="Test" time="0.004"/>
  <testcase name="[3] false, 4, 4, false, false" classname="Test" time="0.012"/>
  <testcase name="[4] false, 5, 4, false, true" classname="Test" time="0.011"/>
  <testcase name="[5] false, 3, 4, false, false" classname="Test" time="0.013"/>
  <testcase name="testIsLostFunction()" classname="Test" time="0.051"/>
  <testcase name="[1] 3, ABCDE" classname="Test" time="0.016"/>
  <testcase name="[2] 5, ABCDE" classname="Test" time="0.002"/>
  <testcase name="[3] 3, ABCDEFG" classname="Test" time="0.002"/>
  <testcase name="[4] 5, ABCDEFG" classname="Test" time="0.001"/>
  <testcase name="[1] ACEB, BCDF, 1, 1" classname="Test" time="0.101"/>
  <testcase name="[2] ABCD, ABCD, 4, 0" classname="Test" time="0.001"/>
  <testcase name="[3] ABCD, DCBA, 0, 4" classname="Test" time="0.001"/>
  <testcase name="[4] ABCD, DBCA, 2, 2" classname="Test" time="0.001"/>
  <testcase name="[5] ABCD, EBCF, 2, 0" classname="Test" time="0.002"/>
  <testcase name="[6] AAAA, AAAA, 4, 0" classname="Test" time="0.001"/>
  <testcase name="[7] AAAA, BBBB, 0, 0" classname="Test" time="0.002"/>
  <testcase name="[8] AABB, BBAA, 0, 4" classname="Test" time="0.001"/>
  <testcase name="[9] ABCD, ABBA, 2, 0" classname="Test" time="0.001"/>
  <testcase name="[10] ABBA, ABCD, 2, 0" classname="Test" time="0.001"/>
  <testcase name="[11] AAAA, ABBB, 1, 0" classname="Test" time="0.015"/>
  <testcase name="[12] BBBB, BBDH, 2, 0" classname="Test" time="0.014"/>
  <testcase name="[13] AAAA, ABCD, 1, 0" classname="Test" time="0.002"/>
  <testcase name="testSafeUserInputFunction()" classname="Test" time="0.016"/>
  <testcase name="[1] ABCD, CORRECT" classname="Test" time="0.012"/>
  <testcase name="[2] ABC, INCORRECT_LENGTH" classname="Test" time="0.002"/>
  <testcase name="[3] ABCCC, INCORRECT_LENGTH" classname="Test" time="0.047"/>
  <testcase name="[4] ABCI, INCORRECT_ALPHABET" classname="Test" time="0.004"/>
  <testcase name="[5] ACI, INCORRECT_LENGTH" classname="Test" time="0.003"/>
  <testcase name="testPrintRoundResultsFunction()" classname="Test" time="0.01"/>
  <testcase name="testCountExactMatchesFunction()" classname="Test" time="0.002"/>
  <testcase name="testIsCorrectInputFunction()" classname="Test" time="0.003"/>
  <testcase name="[1] true, 3, 4, true, false" classname="Test" time="0.001"/>
  <testcase name="[2] true, 4, 4, true, false" classname="Test" time="0.005"/>
  <testcase name="[3] false, 4, 4, false, false" classname="Test" time="0.002"/>
  <testcase name="[4] false, 5, 4, false, true" classname="Test" time="0.004"/>
  <testcase name="[5] false, 3, 4, false, false" classname="Test" time="0.009"/>
  <testcase name="testGenerateSecretFunction()" classname="Test" time="0.007"/>
  <testcase name="[1] ACEB, BCDF, 1, 1" classname="Test" time="0.002"/>
  <testcase name="[2] ABCD, ABCD, 4, 0" classname="Test" time="0.009"/>
  <testcase name="[3] ABCD, DCBA, 0, 4" classname="Test" time="0.002"/>
  <testcase name="[4] ABCD, DBCA, 2, 2" classname="Test" time="0.001"/>
  <testcase name="[5] ABCD, EBCF, 2, 0" classname="Test" time="0.001"/>
  <testcase name="[6] AAAA, AAAA, 4, 0" classname="Test" time="0.001"/>
  <testcase name="[7] AAAA, BBBB, 0, 0" classname="Test" time="0.014"/>
  <testcase name="[8] AABB, BBAA, 0, 4" classname="Test" time="0.003"/>
  <testcase name="[9] ABCD, ABBA, 2, 0" classname="Test" time="0.004"/>
  <testcase name="[10] ABBA, ABCD, 2, 0" classname="Test" time="0.003"/>
  <testcase name="[11] AAAA, ABBB, 1, 0" classname="Test" time="0.008"/>
  <testcase name="[12] BBBB, BBDH, 2, 0" classname="Test" time="0.025"/>
  <testcase name="[13] AAAA, ABCD, 1, 0" classname="Test" time="0.003"/>
  <testcase name="[1] ABC&#13;&#10;ABCCC&#13;&#10;ABCI&#13;&#10;ACI&#13;&#10;ABCD&#13;&#10;, ABCD, true" classname="Test" time="0.029"/>
  <testcase name="[2] ABCD&#13;&#10;, ABCD, true" classname="Test" time="0.005"/>
  <testcase name="[3] ABCD&#13;&#10;ABC&#13;&#10;ABCCC&#13;&#10;ABCI&#13;&#10;ACI&#13;&#10;, ABCD, false" classname="Test" time="0.003"/>
  <testcase name="testplayGameFunction()" classname="Test" time="0.011"/>
  <testcase name="testGetGameRulesFunction()" classname="Test" time="0.007"/>
  <testcase name="testIsCompleteFunction()" classname="Test" time="0.004"/>
  <testcase name="[1] ACEB, BCDF, false" classname="Test" time="0.011"/>
  <testcase name="[2] ACEB, ACEB, true" classname="Test" time="0.001"/>
  <system-out><![CDATA[Please input your guess. It should be of length 4, 
and each symbol should be from the alphabet: ABCDEFG.
Please input your guess. It should be of length 4, 
and each symbol should be from the alphabet: ABCDEFG.
Please input your guess. It should be of length 4, 
and each symbol should be from the alphabet: ABCDEFG.
]]></system-out>
  <system-err><![CDATA[]]></system-err>
</testsuite>
